<?xml version="1.0" encoding="UTF-8"?>
<Site BuildName="Win32-ninja"
	BuildStamp="20241016-2130-Experimental"
	Name="PC-Vini"
	Generator="ctest-3.30.1"
	CompilerName="C:/msys64/mingw64/bin/g++.exe"
	CompilerVersion="14.1.0"
	OSName="Windows"
	Hostname="PC-Vini"
	OSRelease=" Professional"
	OSVersion=" (Build 22631)"
	OSPlatform="AMD64"
	Is64Bits="1"
	VendorString=""
	VendorID="Unknown Manufacturer"
	FamilyID="0"
	ModelID="0"
	ProcessorCacheSize="0"
	NumberOfLogicalCPU="8"
	NumberOfPhysicalCPU="4"
	TotalVirtualMemory="19287"
	TotalPhysicalMemory="16215"
	LogicalProcessorsPerPhysical="2"
	ProcessorClockFrequency="2496"
	>
	<Testing>
		<StartDateTime>Oct 16 18:30 Hora oficial do Brasil</StartDateTime>
		<StartTestTime>1729114241</StartTestTime>
		<TestList/>
		<EndDateTime>Oct 16 18:30 Hora oficial do Brasil</EndDateTime>
		<EndTestTime>1729114241</EndTestTime>
		<ElapsedMinutes>0</ElapsedMinutes>
	</Testing>
</Site>
